<?xml version="1.0" encoding="UTF-8"?>
<!-- Generated by org.testng.reporters.JUnitReportReporter -->
<testsuite hostname="DESKTOP-RUHSL4A" failures="0" tests="3" name="rAghavPal.PutPatchDeleteExample" time="6.144" errors="0" timestamp="2023-06-09T23:51:43 IST" skipped="0">
  <testcase classname="rAghavPal.PutPatchDeleteExample" name="Delete" time="5.121"/>
  <testcase classname="rAghavPal.PutPatchDeleteExample" name="Put" time="0.388"/>
  <testcase classname="rAghavPal.PutPatchDeleteExample" name="Patch" time="0.635"/>
</testsuite> <!-- rAghavPal.PutPatchDeleteExample -->
