<?xml version="1.0" encoding="UTF-8"?>
<!-- Generated by org.testng.reporters.JUnitReportReporter -->
<testsuite hostname="DESKTOP-RUHSL4A" failures="0" tests="1" name="RESTAssured.BooksReq" time="6.496" errors="0" timestamp="2023-06-06T19:29:59 IST" skipped="0">
  <testcase classname="RESTAssured.BooksReq" name="GetBookDetails" time="6.496"/>
  <system-out/>
</testsuite> <!-- RESTAssured.BooksReq -->
