<?xml version="1.0" encoding="UTF-8"?>
<!-- Generated by org.testng.reporters.JUnitReportReporter -->
<testsuite hostname="DESKTOP-RUHSL4A" failures="0" tests="1" name="NodeJsServerLocalAPI.TestOnLocalAPI" time="6.609" errors="0" timestamp="2023-06-10T14:22:54 IST" skipped="0">
  <testcase classname="NodeJsServerLocalAPI.TestOnLocalAPI" name="getreq" time="6.609"/>
</testsuite> <!-- NodeJsServerLocalAPI.TestOnLocalAPI -->
