<?xml version="1.0" encoding="UTF-8"?>
<!-- Generated by org.testng.reporters.JUnitReportReporter -->
<testsuite hostname="DESKTOP-RUHSL4A" failures="0" tests="1" name="rAghavPal.FirstTest" time="6.705" errors="0" timestamp="2023-06-10T14:09:08 IST" skipped="0">
  <testcase classname="rAghavPal.FirstTest" name="test2" time="6.705"/>
</testsuite> <!-- rAghavPal.FirstTest -->
