<?xml version="1.0" encoding="UTF-8"?>
<!-- Generated by org.testng.reporters.JUnitReportReporter -->
<testsuite hostname="DESKTOP-RUHSL4A" failures="0" tests="1" name="ValidateJSONSchema.JSONSchemaValid" time="13.942" errors="0" timestamp="2023-06-10T18:59:56 IST" skipped="0">
  <testcase classname="ValidateJSONSchema.JSONSchemaValid" name="valid" time="13.942"/>
</testsuite> <!-- ValidateJSONSchema.JSONSchemaValid -->
