<?xml version="1.0" encoding="UTF-8"?>
<!-- Generated by org.testng.reporters.JUnitReportReporter -->
<testsuite hostname="DESKTOP-RUHSL4A" failures="0" tests="1" name="RESTAssured.PostReq" time="6.905" errors="0" timestamp="2023-06-06T06:55:11 IST" skipped="0">
  <testcase classname="RESTAssured.PostReq" name="getmethodPost" time="6.905"/>
  <system-out/>
</testsuite> <!-- RESTAssured.PostReq -->
