<?xml version="1.0" encoding="UTF-8"?>
<!-- Generated by org.testng.reporters.JUnitReportReporter -->
<testsuite hostname="DESKTOP-RUHSL4A" failures="0" tests="1" name="RESTAssured.PostReq" time="4.952" errors="0" timestamp="2023-06-08T00:13:32 IST" skipped="0">
  <testcase classname="RESTAssured.PostReq" name="PostReqMeth" time="4.952"/>
  <system-out/>
</testsuite> <!-- RESTAssured.PostReq -->
