<?xml version="1.0" encoding="UTF-8"?>
<!-- Generated by org.testng.reporters.JUnitReportReporter -->
<testsuite hostname="DESKTOP-RUHSL4A" failures="0" tests="1" name="rAghavPal.PostGet" time="5.264" errors="0" timestamp="2023-06-09T23:44:02 IST" skipped="0">
  <testcase classname="rAghavPal.PostGet" name="postreq" time="5.264"/>
</testsuite> <!-- rAghavPal.PostGet -->
