<?xml version="1.0" encoding="UTF-8"?>
<!-- Generated by org.testng.reporters.JUnitReportReporter -->
<testsuite hostname="DESKTOP-RUHSL4A" failures="0" tests="1" name="rAghavPal.PostGet" time="6.921" errors="0" timestamp="2023-06-09T23:16:11 IST" skipped="0">
  <testcase classname="rAghavPal.PostGet" name="getreq" time="6.921"/>
</testsuite> <!-- rAghavPal.PostGet -->
