<?xml version="1.0" encoding="UTF-8"?>
<!-- Generated by org.testng.reporters.JUnitReportReporter -->
<testsuite hostname="DESKTOP-RUHSL4A" failures="0" tests="1" name="rAghavPal.FirstTest" time="4.962" errors="0" timestamp="2023-06-08T00:25:50 IST" skipped="0">
  <testcase classname="rAghavPal.FirstTest" name="Testing" time="4.962"/>
  <system-out/>
</testsuite> <!-- rAghavPal.FirstTest -->
