<?xml version="1.0" encoding="UTF-8"?>
<!-- Generated by org.testng.reporters.JUnitReportReporter -->
<testsuite hostname="DESKTOP-RUHSL4A" failures="0" tests="1" name="RESTAssured.BooksReq" time="7.854" errors="0" timestamp="2023-06-06T23:03:46 IST" skipped="0">
  <testcase classname="RESTAssured.BooksReq" name="GetBookDetails" time="7.854"/>
  <system-out/>
</testsuite> <!-- RESTAssured.BooksReq -->
